2023-02-03 10:43:35,927 [Worker-9] INFO  o.e.m.c.i.p.ProjectConfigurationManager - Update started
2023-02-03 10:43:38,606 [Worker-9] INFO  o.e.m.c.i.l.LifecycleMappingFactory - Using org.eclipse.m2e.jdt.JarLifecycleMapping lifecycle mapping for MavenProject: com.ts:spring-boot:0.0.1-SNAPSHOT @ C:\Users\Pratyush\Downloads\spring-boot (1)\spring-boot\pom.xml.
2023-02-03 10:43:43,731 [Worker-9] INFO  o.e.m.j.i.AbstractJavaProjectConfigurator - Adding source folder /spring-boot/src/main/java
2023-02-03 10:43:43,732 [Worker-9] INFO  o.e.m.j.i.AbstractJavaProjectConfigurator - Adding resource folder /spring-boot/src/main/resources
2023-02-03 10:43:43,738 [Worker-9] INFO  o.e.m.j.i.AbstractJavaProjectConfigurator - Adding resource folder /spring-boot/src/main/resources
2023-02-03 10:43:43,749 [Worker-9] INFO  o.e.m.j.i.AbstractJavaProjectConfigurator - Adding source folder /spring-boot/src/test/java
2023-02-03 10:43:44,622 [Worker-10] INFO  o.e.m.c.i.embedder.EclipseLogger - Using 'UTF-8' encoding to copy filtered resources.
2023-02-03 10:43:44,623 [Worker-10] INFO  o.e.m.c.i.embedder.EclipseLogger - Using 'UTF-8' encoding to copy filtered properties files.
2023-02-03 10:43:44,628 [Worker-10] INFO  o.e.m.c.i.embedder.EclipseLogger - Copying 1 resource
2023-02-03 10:43:44,650 [Worker-10] INFO  o.e.m.c.i.embedder.EclipseLogger - Copying 0 resource
2023-02-03 10:43:44,654 [Worker-10] INFO  o.e.m.c.i.embedder.EclipseLogger - Using 'UTF-8' encoding to copy filtered resources.
2023-02-03 10:43:44,654 [Worker-10] INFO  o.e.m.c.i.embedder.EclipseLogger - Using 'UTF-8' encoding to copy filtered properties files.
2023-02-03 10:43:44,655 [Worker-10] INFO  o.e.m.c.i.embedder.EclipseLogger - skip non existing resourceDirectory C:\Users\Pratyush\Downloads\spring-boot (1)\spring-boot\src\test\resources
2023-02-03 10:43:46,486 [Worker-9] INFO  o.e.m.c.i.p.ProjectConfigurationManager - Update completed: 10 sec
2023-02-03 10:43:46,717 [Worker-20] INFO  o.e.m.c.i.embedder.EclipseLogger - Using 'UTF-8' encoding to copy filtered resources.
2023-02-03 10:43:46,717 [Worker-20] INFO  o.e.m.c.i.embedder.EclipseLogger - Using 'UTF-8' encoding to copy filtered properties files.
2023-02-03 10:43:46,720 [Worker-20] INFO  o.e.m.c.i.embedder.EclipseLogger - Copying 1 resource
2023-02-03 10:43:46,721 [Worker-20] INFO  o.e.m.c.i.embedder.EclipseLogger - Copying 0 resource
2023-02-03 10:43:46,723 [Worker-20] INFO  o.e.m.c.i.embedder.EclipseLogger - Using 'UTF-8' encoding to copy filtered resources.
2023-02-03 10:43:46,723 [Worker-20] INFO  o.e.m.c.i.embedder.EclipseLogger - Using 'UTF-8' encoding to copy filtered properties files.
2023-02-03 10:43:46,723 [Worker-20] INFO  o.e.m.c.i.embedder.EclipseLogger - skip non existing resourceDirectory C:\Users\Pratyush\Downloads\spring-boot (1)\spring-boot\src\test\resources
2023-02-03 14:59:10,992 [Worker-10] INFO  o.e.m.c.i.l.LifecycleMappingFactory - Using org.eclipse.m2e.jdt.JarLifecycleMapping lifecycle mapping for MavenProject: com.ts:spring-boot:0.0.1-SNAPSHOT @ C:\Users\Pratyush\Downloads\spring-boot (1)\spring-boot\pom.xml.
2023-02-03 14:59:12,822 [Worker-10] INFO  o.e.m.c.i.embedder.EclipseLogger - Using 'UTF-8' encoding to copy filtered resources.
2023-02-03 14:59:12,822 [Worker-10] INFO  o.e.m.c.i.embedder.EclipseLogger - Using 'UTF-8' encoding to copy filtered properties files.
2023-02-03 14:59:12,826 [Worker-10] INFO  o.e.m.c.i.embedder.EclipseLogger - Copying 1 resource
2023-02-03 14:59:12,849 [Worker-10] INFO  o.e.m.c.i.embedder.EclipseLogger - Copying 0 resource
2023-02-03 14:59:12,853 [Worker-10] INFO  o.e.m.c.i.embedder.EclipseLogger - Using 'UTF-8' encoding to copy filtered resources.
2023-02-03 14:59:12,853 [Worker-10] INFO  o.e.m.c.i.embedder.EclipseLogger - Using 'UTF-8' encoding to copy filtered properties files.
2023-02-03 14:59:12,853 [Worker-10] INFO  o.e.m.c.i.embedder.EclipseLogger - skip non existing resourceDirectory C:\Users\Pratyush\Downloads\spring-boot (1)\spring-boot\src\test\resources
2023-02-03 14:59:39,758 [Worker-0] INFO  o.e.m.c.i.p.ProjectConfigurationManager - Update started
2023-02-03 14:59:40,503 [Worker-0] INFO  o.e.m.c.i.l.LifecycleMappingFactory - Using org.eclipse.m2e.jdt.JarLifecycleMapping lifecycle mapping for MavenProject: com.ts:spring-boot:0.0.1-SNAPSHOT @ C:\Users\Pratyush\Downloads\spring-boot (1)\spring-boot\pom.xml.
2023-02-03 14:59:41,096 [Worker-0] INFO  o.e.m.j.i.AbstractJavaProjectConfigurator - Adding source folder /spring-boot/src/main/java
2023-02-03 14:59:41,097 [Worker-0] INFO  o.e.m.j.i.AbstractJavaProjectConfigurator - Adding resource folder /spring-boot/src/main/resources
2023-02-03 14:59:41,098 [Worker-0] INFO  o.e.m.j.i.AbstractJavaProjectConfigurator - Adding resource folder /spring-boot/src/main/resources
2023-02-03 14:59:41,099 [Worker-0] INFO  o.e.m.j.i.AbstractJavaProjectConfigurator - Adding source folder /spring-boot/src/test/java
2023-02-03 14:59:41,472 [Worker-0] INFO  o.e.m.c.i.p.ProjectConfigurationManager - Update completed: 1 sec
2023-02-03 14:59:42,272 [Worker-8] INFO  o.e.m.c.i.embedder.EclipseLogger - Using 'UTF-8' encoding to copy filtered resources.
2023-02-03 14:59:42,272 [Worker-8] INFO  o.e.m.c.i.embedder.EclipseLogger - Using 'UTF-8' encoding to copy filtered properties files.
2023-02-03 14:59:42,273 [Worker-8] INFO  o.e.m.c.i.embedder.EclipseLogger - Copying 1 resource
2023-02-03 14:59:42,300 [Worker-8] INFO  o.e.m.c.i.embedder.EclipseLogger - Copying 0 resource
2023-02-03 14:59:42,304 [Worker-8] INFO  o.e.m.c.i.embedder.EclipseLogger - Using 'UTF-8' encoding to copy filtered resources.
2023-02-03 14:59:42,304 [Worker-8] INFO  o.e.m.c.i.embedder.EclipseLogger - Using 'UTF-8' encoding to copy filtered properties files.
2023-02-03 14:59:42,304 [Worker-8] INFO  o.e.m.c.i.embedder.EclipseLogger - skip non existing resourceDirectory C:\Users\Pratyush\Downloads\spring-boot (1)\spring-boot\src\test\resources
